TN:
SF:src/data/test/mock-http-client.ts
FN:3,(anonymous_13)
FN:6,(anonymous_15)
FNF:2
FNH:2
FNDA:2,(anonymous_13)
FNDA:1,(anonymous_15)
DA:3,1
DA:6,1
DA:7,1
DA:8,1
DA:10,1
LF:5
LH:5
BRF:0
BRH:0
end_of_record
TN:
SF:src/data/usecases/authentication/remote-authentication.ts
FN:3,(anonymous_13)
FN:4,RemoteAuthentication
FN:9,(anonymous_15)
FNF:3
FNH:3
FNDA:1,(anonymous_13)
FNDA:1,RemoteAuthentication
FNDA:1,(anonymous_15)
DA:3,1
DA:5,1
DA:6,1
DA:9,1
DA:10,2
DA:12,1
LF:6
LH:6
BRDA:10,0,0,1
BRF:1
BRH:1
end_of_record
